#-----------------------------------------------------------
# Vivado v2017.4 (64-bit)
# SW Build 2086221 on Fri Dec 15 20:55:39 MST 2017
# IP Build 2085800 on Fri Dec 15 22:25:07 MST 2017
# Start of session at: Wed Mar 28 11:35:21 2018
# Process ID: 19612
# Current directory: C:/Program1/ProjectsThatMatter/Uartlite
# Command line: vivado.exe -gui_launcher_event rodinguilauncherevent20180 C:\Program1\ProjectsThatMatter\Uartlite\Uartlite.xpr
# Log file: C:/Program1/ProjectsThatMatter/Uartlite/vivado.log
# Journal file: C:/Program1/ProjectsThatMatter/Uartlite\vivado.jou
#-----------------------------------------------------------
start_gui
open_project C:/Program1/ProjectsThatMatter/Uartlite/Uartlite.xpr
INFO: [Project 1-313] Project file moved from 'C:/Users/Sean/Documents/UGV_PROJECTS/Uartlite' since last save.
Scanning sources...
Finished scanning sources
WARNING: [filemgmt 56-2] IP Repository Path: Could not find the directory 'C:/Program1/ProjectsThatMatter/AAA_SourceFiles/PololuStepperA_1.0', nor could it be found using path 'C:/Users/Sean/Documents/UGV_PROJECTS/AAA_SourceFiles/PololuStepperA_1.0'.
INFO: [IP_Flow 19-234] Refreshing IP repositories
WARNING: [IP_Flow 19-2248] Failed to load user IP repository 'c:/Program1/ProjectsThatMatter/AAA_SourceFiles/PololuStepperA_1.0'; Can't find the specified path.
If this directory should no longer be in your list of user repositories, go to the IP Settings dialog and remove it.
INFO: [IP_Flow 19-2313] Loaded Vivado IP repository 'C:/Xilinx/Vivado/2017.4/data/ip'.
WARNING: [BD 41-1661] One or more IPs have been locked in the design 'design_1.bd'. Please run report_ip_status for more details and recommendations on how to fix this issue.
List of locked IPs:
design_1_PololuStepperA_0_0

open_project: Time (s): cpu = 00:00:19 ; elapsed = 00:00:10 . Memory (MB): peak = 778.438 ; gain = 125.539
update_compile_order -fileset sources_1
launch_sdk -workspace C:/Program1/ProjectsThatMatter/Uartlite/Uartlite.sdk -hwspec C:/Program1/ProjectsThatMatter/Uartlite/Uartlite.sdk/design_1_wrapper.hdf
INFO: [Vivado 12-393] Launching SDK...
INFO: [Vivado 12-417] Running xsdk -workspace C:/Program1/ProjectsThatMatter/Uartlite/Uartlite.sdk -hwspec C:/Program1/ProjectsThatMatter/Uartlite/Uartlite.sdk/design_1_wrapper.hdf
INFO: [Vivado 12-3157] SDK launch initiated. Please check console for any further messages.
launch_sdk -workspace C:/Program1/ProjectsThatMatter/Uartlite/Uartlite.sdk -hwspec C:/Program1/ProjectsThatMatter/Uartlite/Uartlite.sdk/design_1_wrapper.hdf
INFO: [Vivado 12-393] Launching SDK...
INFO: [Vivado 12-417] Running xsdk -workspace C:/Program1/ProjectsThatMatter/Uartlite/Uartlite.sdk -hwspec C:/Program1/ProjectsThatMatter/Uartlite/Uartlite.sdk/design_1_wrapper.hdf
INFO: [Vivado 12-3157] SDK launch initiated. Please check console for any further messages.
