#-----------------------------------------------------------
# Vivado v2015.4 (64-bit)
# SW Build 1412921 on Wed Nov 18 09:43:45 MST 2015
# IP Build 1412160 on Tue Nov 17 13:47:24 MST 2015
# Start of session at: Wed Mar 28 10:47:45 2018
# Process ID: 7520
# Current directory: C:/Program1/ProjectsThatMatter/Uartlite
# Command line: vivado.exe -gui_launcher_event rodinguilauncherevent4172 C:\Program1\ProjectsThatMatter\Uartlite\Uartlite.xpr
# Log file: C:/Program1/ProjectsThatMatter/Uartlite/vivado.log
# Journal file: C:/Program1/ProjectsThatMatter/Uartlite\vivado.jou
#-----------------------------------------------------------
start_gui
open_project C:/Program1/ProjectsThatMatter/Uartlite/Uartlite.xpr
INFO: [Project 1-313] Project file moved from 'C:/Users/Sean/Documents/UGV_PROJECTS/Uartlite' since last save.
Scanning sources...
Finished scanning sources
CRITICAL WARNING: [Project 1-192] Failed to load run synth_1. Strategy Vivado Synthesis Defaults (Vivado Synthesis 2017) not recognized by Vivado. 

CRITICAL WARNING: [Project 1-192] Failed to load run design_1_rst_ps7_0_100M_0_synth_1. Strategy Vivado Synthesis Defaults (Vivado Synthesis 2017) not recognized by Vivado. 

CRITICAL WARNING: [Project 1-192] Failed to load run design_1_xbar_0_synth_1. Strategy Vivado Synthesis Defaults (Vivado Synthesis 2017) not recognized by Vivado. 

CRITICAL WARNING: [Project 1-192] Failed to load run design_1_processing_system7_0_0_synth_1. Strategy Vivado Synthesis Defaults (Vivado Synthesis 2017) not recognized by Vivado. 

CRITICAL WARNING: [Project 1-192] Failed to load run design_1_axi_gpio_0_0_synth_1. Strategy Vivado Synthesis Defaults (Vivado Synthesis 2017) not recognized by Vivado. 

CRITICAL WARNING: [Project 1-192] Failed to load run design_1_axi_uartlite_0_0_synth_1. Strategy Vivado Synthesis Defaults (Vivado Synthesis 2017) not recognized by Vivado. 

CRITICAL WARNING: [Project 1-192] Failed to load run design_1_PololuStepperA_0_0_synth_1. Strategy Vivado Synthesis Defaults (Vivado Synthesis 2017) not recognized by Vivado. 

CRITICAL WARNING: [Project 1-192] Failed to load run impl_1. Strategy Vivado Implementation Defaults (Vivado Implementation 2017) not recognized by Vivado. 

CRITICAL WARNING: [Project 1-192] Failed to load run design_1_rst_ps7_0_100M_0_impl_1. Strategy Vivado Implementation Defaults (Vivado Implementation 2017) not recognized by Vivado. 

CRITICAL WARNING: [Project 1-192] Failed to load run design_1_xbar_0_impl_1. Strategy Vivado Implementation Defaults (Vivado Implementation 2017) not recognized by Vivado. 

CRITICAL WARNING: [Project 1-192] Failed to load run design_1_processing_system7_0_0_impl_1. Strategy Vivado Implementation Defaults (Vivado Implementation 2017) not recognized by Vivado. 

CRITICAL WARNING: [Project 1-192] Failed to load run design_1_axi_gpio_0_0_impl_1. Strategy Vivado Implementation Defaults (Vivado Implementation 2017) not recognized by Vivado. 

CRITICAL WARNING: [Project 1-192] Failed to load run design_1_axi_uartlite_0_0_impl_1. Strategy Vivado Implementation Defaults (Vivado Implementation 2017) not recognized by Vivado. 

CRITICAL WARNING: [Project 1-192] Failed to load run design_1_PololuStepperA_0_0_impl_1. Strategy Vivado Implementation Defaults (Vivado Implementation 2017) not recognized by Vivado. 

CRITICAL WARNING: [Project 1-532] XML ERROR: Project Option CompiledLibDirXSim has no valid value
CRITICAL WARNING: [Project 1-505] Unrecognized Option Name CompiledLibDirXcelium
CRITICAL WARNING: [Project 1-505] Unrecognized Option Name ProjectType
WARNING: [filemgmt 56-2] IP Repository Path: Could not find the directory 'C:/Program1/ProjectsThatMatter/AAA_SourceFiles/PololuStepperA_1.0', nor could it be found using path 'C:/Users/Sean/Documents/UGV_PROJECTS/AAA_SourceFiles/PololuStepperA_1.0'.
WARNING: [filemgmt 56-3] IPUserFilesDir: Could not find the directory '$PIPUSERFILESDIR'.
WARNING: [filemgmt 56-3] IPStaticSourceDir: Could not find the directory '$PIPUSERFILESDIR/ipstatic'.
CRITICAL WARNING: [Project 1-505] Unrecognized Option Name DSAVendor
CRITICAL WARNING: [Project 1-505] Unrecognized Option Name DSABoardId
CRITICAL WARNING: [Project 1-505] Unrecognized Option Name DSANumComputeUnits
CRITICAL WARNING: [Project 1-505] Unrecognized Option Name WTXSimLaunchSim
CRITICAL WARNING: [Project 1-505] Unrecognized Option Name WTModelSimLaunchSim
CRITICAL WARNING: [Project 1-505] Unrecognized Option Name WTQuestaLaunchSim
CRITICAL WARNING: [Project 1-505] Unrecognized Option Name WTIesLaunchSim
CRITICAL WARNING: [Project 1-505] Unrecognized Option Name WTVcsLaunchSim
CRITICAL WARNING: [Project 1-505] Unrecognized Option Name WTRivieraLaunchSim
CRITICAL WARNING: [Project 1-505] Unrecognized Option Name WTActivehdlLaunchSim
CRITICAL WARNING: [Project 1-505] Unrecognized Option Name WTXSimExportSim
CRITICAL WARNING: [Project 1-505] Unrecognized Option Name WTModelSimExportSim
CRITICAL WARNING: [Project 1-505] Unrecognized Option Name WTQuestaExportSim
CRITICAL WARNING: [Project 1-505] Unrecognized Option Name WTIesExportSim
CRITICAL WARNING: [Project 1-505] Unrecognized Option Name WTVcsExportSim
CRITICAL WARNING: [Project 1-505] Unrecognized Option Name WTRivieraExportSim
CRITICAL WARNING: [Project 1-505] Unrecognized Option Name WTActivehdlExportSim
CRITICAL WARNING: [Project 1-505] Unrecognized Option Name GenerateIPUpgradeLog
CRITICAL WARNING: [Project 1-505] Unrecognized Option Name XSimRadix
CRITICAL WARNING: [Project 1-505] Unrecognized Option Name XSimTimeUnit
CRITICAL WARNING: [Project 1-505] Unrecognized Option Name XSimArrayDisplayLimit
CRITICAL WARNING: [Project 1-505] Unrecognized Option Name XSimTraceLimit
CRITICAL WARNING: [Project 1-505] Unrecognized Option Name SimTypes
WARNING: [Project 1-231] Project 'Uartlite.xpr' was created with a future version and may or may not perform reliably with this version of Vivado. It has been opened in read-only mode for the protection of unrecognized data. Use 'File | Save Project As...' if you wish to alter a copy of the project.
ERROR: [IP_Flow 19-395] Problem reading Design: see 'xilinx:valuePermission' near line 0 in C:/Program1/ProjectsThatMatter/Uartlite/Uartlite.srcs/sources_1/bd/design_1/ip/design_1_processing_system7_0_0/design_1_processing_system7_0_0.xci: Unexpected attribute
CRITICAL WARNING: [IP_Flow 19-3933] Unable to construct an IP Instance design_1_processing_system7_0_0 using VLNV :::.
INFO: [IP_Flow 19-234] Refreshing IP repositories
WARNING: [IP_Flow 19-2248] Failed to load user IP repository 'c:/Program1/ProjectsThatMatter/AAA_SourceFiles/PololuStepperA_1.0'; Can't find the specified path.
If this directory should no longer be in your list of user repositories, go to the IP Settings dialog and remove it.
INFO: [IP_Flow 19-1700] Loaded user IP repository 'c:/Program1/ProjectsThatMatter/Uartlite/Uartlite.cache/ip'.
INFO: [IP_Flow 19-2313] Loaded Vivado IP repository 'C:/Xilinx/Vivado/2015.4/data/ip'.
ERROR: [IP_Flow 19-395] Problem reading Design: see 'xilinx:valuePermission' near line 0 in C:/Program1/ProjectsThatMatter/Uartlite/Uartlite.srcs/sources_1/bd/design_1/ip/design_1_rst_ps7_0_100M_0/design_1_rst_ps7_0_100M_0.xci: Unexpected attribute
CRITICAL WARNING: [IP_Flow 19-3933] Unable to construct an IP Instance design_1_rst_ps7_0_100M_0 using VLNV :::.
ERROR: [IP_Flow 19-395] Problem reading Design: see 'xilinx:valuePermission' near line 0 in C:/Program1/ProjectsThatMatter/Uartlite/Uartlite.srcs/sources_1/bd/design_1/ip/design_1_xbar_0/design_1_xbar_0.xci: Unexpected attribute
CRITICAL WARNING: [IP_Flow 19-3933] Unable to construct an IP Instance design_1_xbar_0 using VLNV :::.
ERROR: [IP_Flow 19-395] Problem reading Design: see 'xilinx:valuePermission' near line 0 in C:/Program1/ProjectsThatMatter/Uartlite/Uartlite.srcs/sources_1/bd/design_1/ip/design_1_axi_uartlite_0_0/design_1_axi_uartlite_0_0.xci: Unexpected attribute
CRITICAL WARNING: [IP_Flow 19-3933] Unable to construct an IP Instance design_1_axi_uartlite_0_0 using VLNV :::.
ERROR: [IP_Flow 19-395] Problem reading Design: see 'xilinx:valuePermission' near line 0 in C:/Program1/ProjectsThatMatter/Uartlite/Uartlite.srcs/sources_1/bd/design_1/ip/design_1_axi_gpio_0_0/design_1_axi_gpio_0_0.xci: Unexpected attribute
CRITICAL WARNING: [IP_Flow 19-3933] Unable to construct an IP Instance design_1_axi_gpio_0_0 using VLNV :::.
ERROR: [IP_Flow 19-395] Problem reading Design: see 'xilinx:valuePermission' near line 0 in C:/Program1/ProjectsThatMatter/Uartlite/Uartlite.srcs/sources_1/bd/design_1/ip/design_1_PololuStepperA_0_0/design_1_PololuStepperA_0_0.xci: Unexpected attribute
CRITICAL WARNING: [IP_Flow 19-3933] Unable to construct an IP Instance design_1_PololuStepperA_0_0 using VLNV :::.
ERROR: [IP_Flow 19-395] Problem reading Design: see 'xilinx:valuePermission' near line 0 in C:/Program1/ProjectsThatMatter/Uartlite/Uartlite.srcs/sources_1/bd/design_1/ip/design_1_auto_pc_0/design_1_auto_pc_0.xci: Unexpected attribute
CRITICAL WARNING: [IP_Flow 19-3933] Unable to construct an IP Instance design_1_auto_pc_0 using VLNV :::.
WARNING: [BD 41-1663] The design 'design_1.bd' is locked for any modification. Locked reason(s):
* Project read-only. Please run 'save_project_as' before making any change to the bd-design. 

open_project: Time (s): cpu = 00:00:08 ; elapsed = 00:00:06 . Memory (MB): peak = 787.082 ; gain = 128.418
ERROR: [Common 17-39] 'open_project' failed due to earlier errors.
exit
INFO: [Common 17-206] Exiting Vivado at Wed Mar 28 10:54:45 2018...
