#-----------------------------------------------------------
# Webtalk v2017.4 (64-bit)
# SW Build 2086221 on Fri Dec 15 20:55:39 MST 2017
# 
# Start of session at: Mon Mar 26 20:32:14 2018
# Process ID: 5436
# Current directory: C:/Users/Sean/Documents/UGV_PROJECTS/Uartlite/Uartlite.sdk/webtalk
# Command line: wbtcv.exe -mode batch -source sdk_webtalk.tcl
# Log file: C:/Users/Sean/Documents/UGV_PROJECTS/Uartlite/Uartlite.sdk/webtalk/webtalk.log
# Journal file: C:/Users/Sean/Documents/UGV_PROJECTS/Uartlite/Uartlite.sdk/webtalk\webtalk.jou
#-----------------------------------------------------------
source sdk_webtalk.tcl
# webtalk_init -webtalk_dir C:\\Users\\Sean\\Documents\\UGV_PROJECTS\\Uartlite\\Uartlite.sdk\\webtalk
# webtalk_register_client -client project
# webtalk_add_data -client project -key date_generated -value "2018-03-26 20:32:13" -context "software_version_and_target_device"
# webtalk_add_data -client project -key product_version -value "SDK v2017.4" -context "software_version_and_target_device"
# webtalk_add_data -client project -key build_version -value "2017.4" -context "software_version_and_target_device"
# webtalk_add_data -client project -key os_platform -value "amd64" -context "software_version_and_target_device"
# webtalk_add_data -client project -key registration_id -value "211508292_0_0_062" -context "software_version_and_target_device"
# webtalk_add_data -client project -key tool_flow -value "SDK" -context "software_version_and_target_device"
# webtalk_add_data -client project -key beta -value "false" -context "software_version_and_target_device"
# webtalk_add_data -client project -key route_design -value "NA" -context "software_version_and_target_device"
# webtalk_add_data -client project -key target_family -value "NA" -context "software_version_and_target_device"
# webtalk_add_data -client project -key target_device -value "NA" -context "software_version_and_target_device"
# webtalk_add_data -client project -key target_package -value "NA" -context "software_version_and_target_device"
# webtalk_add_data -client project -key target_speed -value "NA" -context "software_version_and_target_device"
# webtalk_add_data -client project -key random_id -value "vl842nq0kthojtl6bsaf6i56kt" -context "software_version_and_target_device"
# webtalk_add_data -client project -key project_id -value "2017.4_4" -context "software_version_and_target_device"
# webtalk_add_data -client project -key project_iteration -value "4" -context "software_version_and_target_device"
# webtalk_add_data -client project -key os_name -value "Microsoft Windows 8 or later , 64-bit" -context "user_environment"
# webtalk_add_data -client project -key os_release -value "major release  (build 9200)" -context "user_environment"
# webtalk_add_data -client project -key cpu_name -value "AMD Ryzen 7 1700 Eight-Core Processor          " -context "user_environment"
# webtalk_add_data -client project -key cpu_speed -value "3000 MHz" -context "user_environment"
# webtalk_add_data -client project -key total_processors -value "1" -context "user_environment"
# webtalk_add_data -client project -key system_ram -value "17.130 GB" -context "user_environment"
# webtalk_register_client -client sdk
# webtalk_add_data -client sdk -key uid -value "1522115857545" -context "sdk\\\\bsp/1522115857545"
# webtalk_add_data -client sdk -key hwid -value "1522092501577" -context "sdk\\\\bsp/1522115857545"
# webtalk_add_data -client sdk -key os -value "standalone" -context "sdk\\\\bsp/1522115857545"
# webtalk_add_data -client sdk -key apptemplate -value "hello_world" -context "sdk\\\\bsp/1522115857545"
# webtalk_add_data -client sdk -key RecordType -value "BSPCreation" -context "sdk\\\\bsp/1522115857545"
# webtalk_add_data -client sdk -key uid -value "1522115860748" -context "sdk\\\\application/1522115860748"
# webtalk_add_data -client sdk -key hwid -value "1522092501577" -context "sdk\\\\application/1522115860748"
# webtalk_add_data -client sdk -key bspid -value "1522115857545" -context "sdk\\\\application/1522115860748"
# webtalk_add_data -client sdk -key newbsp -value "true" -context "sdk\\\\application/1522115860748"
# webtalk_add_data -client sdk -key os -value "standalone" -context "sdk\\\\application/1522115860748"
# webtalk_add_data -client sdk -key apptemplate -value "hello_world" -context "sdk\\\\application/1522115860748"
# webtalk_add_data -client sdk -key RecordType -value "APPCreation" -context "sdk\\\\application/1522115860748"
# webtalk_add_data -client sdk -key LangUsed -value "C" -context "sdk\\\\application/1522115860748"
# webtalk_add_data -client sdk -key Procused -value "ps7_cortexa9" -context "sdk\\\\application/1522115860748"
# webtalk_add_data -client sdk -key projSize -value "224.53125" -context "sdk\\\\application/1522115860748"
# webtalk_add_data -client sdk -key uid -value "NA" -context "sdk\\\\bsp/1522121533338"
# webtalk_add_data -client sdk -key RecordType -value "ToolUsage" -context "sdk\\\\bsp/1522121533338"
# webtalk_add_data -client sdk -key BootgenCount -value "0" -context "sdk\\\\bsp/1522121533338"
# webtalk_add_data -client sdk -key DebugCount -value "0" -context "sdk\\\\bsp/1522121533338"
# webtalk_add_data -client sdk -key PerfCount -value "0" -context "sdk\\\\bsp/1522121533338"
# webtalk_add_data -client sdk -key FlashCount -value "0" -context "sdk\\\\bsp/1522121533338"
# webtalk_add_data -client sdk -key CrossTriggCount -value "0" -context "sdk\\\\bsp/1522121533338"
# webtalk_add_data -client sdk -key QemuDebugCount -value "0" -context "sdk\\\\bsp/1522121533338"
# webtalk_transmit -clientid 3179560049 -regid "211508292_0_0_062" -xml C:\\Users\\Sean\\Documents\\UGV_PROJECTS\\Uartlite\\Uartlite.sdk\\webtalk\\usage_statistics_ext_sdk.xml -html C:\\Users\\Sean\\Documents\\UGV_PROJECTS\\Uartlite\\Uartlite.sdk\\webtalk\\usage_statistics_ext_sdk.html -wdm C:\\Users\\Sean\\Documents\\UGV_PROJECTS\\Uartlite\\Uartlite.sdk\\webtalk\\sdk_webtalk.wdm -intro "<H3>SDK Usage Report</H3><BR>"
# webtalk_terminate
INFO: [Common 17-206] Exiting Webtalk at Mon Mar 26 20:32:20 2018...
